<?xml version="1.0" encoding="UTF-8"?>
<!-- Generated by org.testng.reporters.JUnitReportReporter -->
<testsuite skipped="0" hostname="system" name="com.testrun.GoogelTest" tests="1" failures="0" timestamp="12 Oct 2020 06:21:42 GMT" time="8.414" errors="0">
  <testcase name="test" time="8.414" classname="com.testrun.GoogelTest"/>
</testsuite> <!-- com.testrun.GoogelTest -->
